This is pdfTeX, Version 3.1415926-2.5-1.40.14 (TeX Live 2013/Debian) (format=pdflatex 2016.3.1)  10 APR 2016 09:22
entering extended mode
 restricted \write18 enabled.
 %&-line parsing enabled.
**Burdukiewicz_et_al_NAR2.tex
(./Burdukiewicz_et_al_NAR2.tex
LaTeX2e <2011/06/27>
Babel <3.9h> and hyphenation patterns for 2 languages loaded.
(./NAR.cls
Document Class: NAR 2012/07/01 v1.5 Standard LaTeX document class
(./fleqn.clo
File: fleqn.clo 1998/08/17 v1.1c Standard LaTeX option (flush left equations)
\mathindent=\dimen102
) (./crop.sty
Package: crop 2001/11/16 v1.6 cropmarks (mf)
\CROP@width=\dimen103
\CROP@height=\dimen104
\CROP@index=\count79

(/usr/share/texlive/texmf-dist/tex/latex/graphics/graphics.sty
Package: graphics 2009/02/05 v1.0o Standard LaTeX Graphics (DPC,SPQR)

(/usr/share/texlive/texmf-dist/tex/latex/graphics/trig.sty
Package: trig 1999/03/16 v1.09 sin cos tan (DPC)
)
(/usr/share/texlive/texmf-dist/tex/latex/latexconfig/graphics.cfg
File: graphics.cfg 2010/04/23 v1.9 graphics configuration of TeX Live
)
Package graphics Info: Driver file: pdftex.def on input line 91.

(/usr/share/texlive/texmf-dist/tex/latex/pdftex-def/pdftex.def
File: pdftex.def 2011/05/27 v0.06d Graphics/color for pdfTeX

(/usr/share/texlive/texmf-dist/tex/generic/oberdiek/infwarerr.sty
Package: infwarerr 2010/04/08 v1.3 Providing info/warning/error messages (HO)
)
(/usr/share/texlive/texmf-dist/tex/generic/oberdiek/ltxcmds.sty
Package: ltxcmds 2011/11/09 v1.22 LaTeX kernel commands for general use (HO)
)
\Gread@gobject=\count80
))
\CROP@offset=\count81
)
Package crop Info: using pdf(la)tex graphics driver on input line 76.

(/usr/share/texlive/texmf-dist/tex/latex/base/inputenc.sty
Package: inputenc 2008/03/30 v1.1d Input encoding file
\inpenc@prehook=\toks14
\inpenc@posthook=\toks15
)
(/usr/share/texlive/texmf-dist/tex/latex/amsmath/amsmath.sty
Package: amsmath 2013/01/14 v2.14 AMS math features
\@mathmargin=\skip41

For additional information on amsmath, use the `?' option.
(/usr/share/texlive/texmf-dist/tex/latex/amsmath/amstext.sty
Package: amstext 2000/06/29 v2.01

(/usr/share/texlive/texmf-dist/tex/latex/amsmath/amsgen.sty
File: amsgen.sty 1999/11/30 v2.0
\@emptytoks=\toks16
\ex@=\dimen105
))
(/usr/share/texlive/texmf-dist/tex/latex/amsmath/amsbsy.sty
Package: amsbsy 1999/11/29 v1.2d
\pmbraise@=\dimen106
)
(/usr/share/texlive/texmf-dist/tex/latex/amsmath/amsopn.sty
Package: amsopn 1999/12/14 v2.01 operator names
)
\inf@bad=\count82
LaTeX Info: Redefining \frac on input line 210.
\uproot@=\count83
\leftroot@=\count84
LaTeX Info: Redefining \overline on input line 306.
\classnum@=\count85
\DOTSCASE@=\count86
LaTeX Info: Redefining \ldots on input line 378.
LaTeX Info: Redefining \dots on input line 381.
LaTeX Info: Redefining \cdots on input line 466.
\Mathstrutbox@=\box26
\strutbox@=\box27
\big@size=\dimen107
LaTeX Font Info:    Redeclaring font encoding OML on input line 566.
LaTeX Font Info:    Redeclaring font encoding OMS on input line 567.
\macc@depth=\count87
\c@MaxMatrixCols=\count88
\dotsspace@=\muskip10
\c@parentequation=\count89
\dspbrk@lvl=\count90
\tag@help=\toks17
\row@=\count91
\column@=\count92
\maxfields@=\count93
\andhelp@=\toks18
\eqnshift@=\dimen108
\alignsep@=\dimen109
\tagshift@=\dimen110
\tagwidth@=\dimen111
\totwidth@=\dimen112
\lineht@=\dimen113
\@envbody=\toks19
\multlinegap=\skip42
\multlinetaggap=\skip43
\mathdisplay@stack=\toks20
LaTeX Info: Redefining \[ on input line 2665.
LaTeX Info: Redefining \] on input line 2666.
)
(/usr/share/texlive/texmf-dist/tex/latex/amsfonts/amssymb.sty
Package: amssymb 2013/01/14 v3.01 AMS font symbols

(/usr/share/texlive/texmf-dist/tex/latex/amsfonts/amsfonts.sty
Package: amsfonts 2013/01/14 v3.01 Basic AMSFonts support
\symAMSa=\mathgroup4
\symAMSb=\mathgroup5
LaTeX Font Info:    Overwriting math alphabet `\mathfrak' in version `bold'
(Font)                  U/euf/m/n --> U/euf/b/n on input line 106.
))
(/usr/share/texlive/texmf-dist/tex/latex/base/latexsym.sty
Package: latexsym 1998/08/17 v2.2e Standard LaTeX package (lasy symbols)
\symlasy=\mathgroup6
LaTeX Font Info:    Overwriting symbol font `lasy' in version `bold'
(Font)                  U/lasy/m/n --> U/lasy/b/n on input line 47.
)
(/usr/share/texlive/texmf-dist/tex/latex/float/float.sty
Package: float 2001/11/08 v1.3d Float enhancements (AL)
\c@float@type=\count94
\float@exts=\toks21
\float@box=\box28
\@float@everytoks=\toks22
\@floatcapt=\box29
)
(/usr/share/texlive/texmf-dist/tex/latex/graphics/epsfig.sty
Package: epsfig 1999/02/16 v1.7a (e)psfig emulation (SPQR)

(/usr/share/texlive/texmf-dist/tex/latex/graphics/graphicx.sty
Package: graphicx 1999/02/16 v1.0f Enhanced LaTeX Graphics (DPC,SPQR)

(/usr/share/texlive/texmf-dist/tex/latex/graphics/keyval.sty
Package: keyval 1999/03/16 v1.13 key=value parser (DPC)
\KV@toks@=\toks23
)
\Gin@req@height=\dimen114
\Gin@req@width=\dimen115
)
\epsfxsize=\dimen116
\epsfysize=\dimen117
)
(/usr/share/texlive/texmf-dist/tex/latex/wrapfig/wrapfig.sty
\wrapoverhang=\dimen118
\WF@size=\dimen119
\c@WF@wrappedlines=\count95
\WF@box=\box30
\WF@everypar=\toks24
Package: wrapfig 2003/01/31  v 3.6
)
(/usr/share/texlive/texmf-dist/tex/latex/sttools/stfloats.sty
Package: stfloats 2012/05/29 v1.1 Improve float mechanism and baselineskip sett
ings
\@dblbotnum=\count96
\c@dblbotnumber=\count97
)
(/usr/share/texlive/texmf-dist/tex/latex/tools/multicol.sty
Package: multicol 2011/06/27 v1.7a multicolumn formatting (FMi)
\c@tracingmulticols=\count98
\mult@box=\box31
\multicol@leftmargin=\dimen120
\c@unbalance=\count99
\c@collectmore=\count100
\doublecol@number=\count101
\multicoltolerance=\count102
\multicolpretolerance=\count103
\full@width=\dimen121
\page@free=\dimen122
\premulticols=\dimen123
\postmulticols=\dimen124
\multicolsep=\skip44
\multicolbaselineskip=\skip45
\partial@page=\box32
\last@line=\box33
\mult@rightbox=\box34
\mult@grightbox=\box35
\mult@gfirstbox=\box36
\mult@firstbox=\box37
\@tempa=\box38
\@tempa=\box39
\@tempa=\box40
\@tempa=\box41
\@tempa=\box42
\@tempa=\box43
\@tempa=\box44
\@tempa=\box45
\@tempa=\box46
\@tempa=\box47
\@tempa=\box48
\@tempa=\box49
\@tempa=\box50
\@tempa=\box51
\@tempa=\box52
\@tempa=\box53
\@tempa=\box54
\c@columnbadness=\count104
\c@finalcolumnbadness=\count105
\last@try=\dimen125
\multicolovershoot=\dimen126
\multicolundershoot=\dimen127
\mult@nat@firstbox=\box55
\colbreak@box=\box56
\multicol@sort@counter=\count106
)
(/usr/share/texlive/texmf-dist/tex/latex/rotating/rotating.sty
Package: rotating 2009/03/28 v2.16a rotated objects in LaTeX

(/usr/share/texlive/texmf-dist/tex/latex/base/ifthen.sty
Package: ifthen 2001/05/26 v1.1c Standard LaTeX ifthen package (DPC)
)
\c@r@tfl@t=\count107
\rotFPtop=\skip46
\rotFPbot=\skip47
\rot@float@box=\box57
\rot@mess@toks=\toks25
)
(/usr/share/texlive/texmf-dist/tex/latex/multirow/multirow.sty
\bigstrutjot=\dimen128
)
(/usr/share/texlive/texmf-dist/tex/latex/tools/dcolumn.sty
Package: dcolumn 2001/05/28 v1.06 decimal alignment package (DPC)

(/usr/share/texlive/texmf-dist/tex/latex/tools/array.sty
Package: array 2008/09/09 v2.4c Tabular extension package (FMi)
\col@sep=\dimen129
\extrarowheight=\dimen130
\NC@list=\toks26
\extratabsurround=\skip48
\backup@length=\skip49
))
(/usr/share/texlive/texmf-dist/tex/latex/boxedminipage/boxedminipage.sty)
(/usr/share/texlive/texmf-dist/tex/latex/base/makeidx.sty
Package: makeidx 2000/03/29 v1.0m Standard LaTeX package
)
(/usr/share/texlive/texmf-dist/tex/latex/soul/soul.sty
Package: soul 2003/11/17 v2.4 letterspacing/underlining (mf)
\SOUL@word=\toks27
\SOUL@lasttoken=\toks28
\SOUL@cmds=\toks29
\SOUL@buffer=\toks30
\SOUL@token=\toks31
\SOUL@spaceskip=\skip50
\SOUL@ttwidth=\dimen131
\SOUL@uldp=\dimen132
\SOUL@ulht=\dimen133
)
(/usr/share/texlive/texmf-dist/tex/latex/url/url.sty
\Urlmuskip=\muskip11
Package: url 2013/09/16  ver 3.4  Verb mode for urls, etc.
)
(/usr/share/texlive/texmf-dist/tex/latex/tools/xspace.sty
Package: xspace 2009/10/20 v1.13 Space after command names (DPC,MH)
) (./times.sty
Package: times 2000/01/12 PSNFSS-v8.1 Times font as default roman (SPQR) 
)
\jnameskip=\skip51
\titleskip=\dimen134
\ruleskip=\dimen135
\ruleht=\dimen136
\droplines=\count108
\dropsep=\dimen137
\capvskip=\skip52
\caphskip=\skip53
\capwd=\dimen138
\droplinewd=\dimen139
\c@part=\count109
\c@section=\count110
\c@subsection=\count111
\c@subsubsection=\count112
\c@paragraph=\count113
\c@subparagraph=\count114
\labelwidthi=\dimen140
\labelwidthii=\dimen141
\labelwidthiii=\dimen142
\labelwidthiv=\dimen143
\topsepi=\skip54
\topsepii=\skip55
\topsepiii=\skip56
\topsepiv=\skip57
\itemsepi=\skip58
\itemsepii=\skip59
\itemsepiii=\skip60
\itemsepiv=\skip61
\labelsepi=\dimen144
\labelsepii=\dimen145
\labelsepiii=\dimen146
\labelsepiv=\dimen147
\parsepi=\dimen148
\parsepii=\dimen149
\parsepiii=\dimen150
\parsepiv=\dimen151
\rightmargini=\dimen152
\rightmarginii=\dimen153
\rightmarginiii=\dimen154
\rightmarginiv=\dimen155
\itemindenti=\dimen156
\itemindentii=\dimen157
\itemindentiii=\dimen158
\itemindentiv=\dimen159
\labelleftmargin=\dimen160
\c@figure=\count115
\c@table=\count116
\abovecaptionskip=\skip62
\belowcaptionskip=\skip63
\figurewidth=\dimen161
\figureheight=\dimen162
\dwidth=\dimen163
\dheight=\dimen164
\ncolumns=\count117
\nrows=\count118
\tablewd=\dimen165
\tablewidth=\dimen166
\captionwd=\dimen167
\tempbox=\box58
\tableleftskip=\skip64
\tablerightskip=\skip65
\tablecapleftskip=\skip66
\tablecaprightskip=\skip67
\tablefootleftskip=\skip68
\tablefootrightskip=\skip69
\footnumskip=\dimen168
\bibindent=\dimen169
\maxbibwd=\dimen170

(./NAR-natbib.sty
Package: NAR-natbib 2000/07/24 7.0a (PWD)
\bibhang=\skip70
\bibsep=\skip71
LaTeX Info: Redefining \cite on input line 509.
\c@NAT@ctr=\count119
)
\hours=\count120
\minutes=\count121
\grid@sidemargin=\dimen171
\grid@wd=\dimen172
\grid@ht=\dimen173
\grid@linewd=\dimen174
\grid@topofline=\dimen175
LaTeX Info: Redefining \textso on input line 1856.
\currfontsize=\dimen176
 (/usr/share/texlive/texmf-dist/tex/latex/amscls/amsthm.sty
Package: amsthm 2004/08/06 v2.20
\thm@style=\toks32
\thm@bodyfont=\toks33
\thm@headfont=\toks34
\thm@notefont=\toks35
\thm@headpunct=\toks36
\thm@preskip=\skip72
\thm@postskip=\skip73
\thm@headsep=\skip74
\dth@everypar=\toks37
)
\@indexfile=\write3
\openout3 = `Burdukiewicz_et_al_NAR2.idx'.


Writing index file Burdukiewicz_et_al_NAR2.idx
) (./Burdukiewicz_et_al_NAR2.aux)
\openout1 = `Burdukiewicz_et_al_NAR2.aux'.

LaTeX Font Info:    Checking defaults for OML/cmm/m/it on input line 13.
LaTeX Font Info:    ... okay on input line 13.
LaTeX Font Info:    Checking defaults for T1/cmr/m/n on input line 13.
LaTeX Font Info:    ... okay on input line 13.
LaTeX Font Info:    Checking defaults for OT1/cmr/m/n on input line 13.
LaTeX Font Info:    ... okay on input line 13.
LaTeX Font Info:    Checking defaults for OMS/cmsy/m/n on input line 13.
LaTeX Font Info:    ... okay on input line 13.
LaTeX Font Info:    Checking defaults for OMX/cmex/m/n on input line 13.
LaTeX Font Info:    ... okay on input line 13.
LaTeX Font Info:    Checking defaults for U/cmr/m/n on input line 13.
LaTeX Font Info:    ... okay on input line 13.
LaTeX Font Info:    Try loading font information for OT1+ptm on input line 13.

(/usr/share/texlive/texmf-dist/tex/latex/psnfss/ot1ptm.fd
File: ot1ptm.fd 2001/06/04 font definitions for OT1/ptm.
)
(/usr/share/texlive/texmf-dist/tex/context/base/supp-pdf.mkii
[Loading MPS to PDF converter (version 2006.09.02).]
\scratchcounter=\count122
\scratchdimen=\dimen177
\scratchbox=\box59
\nofMPsegments=\count123
\nofMParguments=\count124
\everyMPshowfont=\toks38
\MPscratchCnt=\count125
\MPscratchDim=\dimen178
\MPnumerator=\count126
\makeMPintoPDFobject=\count127
\everyMPtoPDFconversion=\toks39
) (/usr/share/texlive/texmf-dist/tex/generic/oberdiek/pdftexcmds.sty
Package: pdftexcmds 2011/11/29 v0.20 Utility functions of pdfTeX for LuaTeX (HO
)

(/usr/share/texlive/texmf-dist/tex/generic/oberdiek/ifluatex.sty
Package: ifluatex 2010/03/01 v1.3 Provides the ifluatex switch (HO)
Package ifluatex Info: LuaTeX not detected.
)
(/usr/share/texlive/texmf-dist/tex/generic/oberdiek/ifpdf.sty
Package: ifpdf 2011/01/30 v2.3 Provides the ifpdf switch (HO)
Package ifpdf Info: pdfTeX in PDF mode is detected.
)
Package pdftexcmds Info: LuaTeX not detected.
Package pdftexcmds Info: \pdf@primitive is available.
Package pdftexcmds Info: \pdf@ifprimitive is available.
Package pdftexcmds Info: \pdfdraftmode found.
)
(/usr/share/texlive/texmf-dist/tex/latex/oberdiek/epstopdf-base.sty
Package: epstopdf-base 2010/02/09 v2.5 Base part for package epstopdf

(/usr/share/texlive/texmf-dist/tex/latex/oberdiek/grfext.sty
Package: grfext 2010/08/19 v1.1 Manage graphics extensions (HO)

(/usr/share/texlive/texmf-dist/tex/generic/oberdiek/kvdefinekeys.sty
Package: kvdefinekeys 2011/04/07 v1.3 Define keys (HO)
))
(/usr/share/texlive/texmf-dist/tex/latex/oberdiek/kvoptions.sty
Package: kvoptions 2011/06/30 v3.11 Key value format for package options (HO)

(/usr/share/texlive/texmf-dist/tex/generic/oberdiek/kvsetkeys.sty
Package: kvsetkeys 2012/04/25 v1.16 Key value parser (HO)

(/usr/share/texlive/texmf-dist/tex/generic/oberdiek/etexcmds.sty
Package: etexcmds 2011/02/16 v1.5 Avoid name clashes with e-TeX commands (HO)
Package etexcmds Info: Could not find \expanded.
(etexcmds)             That can mean that you are not using pdfTeX 1.50 or
(etexcmds)             that some package has redefined \expanded.
(etexcmds)             In the latter case, load this package earlier.
)))
Package grfext Info: Graphics extension search list:
(grfext)             [.png,.pdf,.jpg,.mps,.jpeg,.jbig2,.jb2,.PNG,.PDF,.JPG,.JPE
G,.JBIG2,.JB2,.eps]
(grfext)             \AppendGraphicsExtensions on input line 452.

(/usr/share/texlive/texmf-dist/tex/latex/latexconfig/epstopdf-sys.cfg
File: epstopdf-sys.cfg 2010/07/13 v1.3 Configuration of (r)epstopdf for TeX Liv
e
))

LaTeX Font Warning: Font shape `OT1/cmss/b/n' undefined
(Font)              using `OT1/cmss/m/n' instead on input line 53.


LaTeX Font Warning: Font shape `OT1/cmss/m/n' in size <20> not available
(Font)              size <20.74> substituted on input line 53.


LaTeX Font Warning: Font shape `OT1/cmss/b/n' in size <20> not available
(Font)              size <20.74> substituted on input line 53.


LaTeX Font Warning: Font shape `OT1/cmss/b/it' undefined
(Font)              using `OT1/cmss/b/n' instead on input line 53.

LaTeX Font Info:    Try loading font information for U+msa on input line 53.
(/usr/share/texlive/texmf-dist/tex/latex/amsfonts/umsa.fd
File: umsa.fd 2013/01/14 v3.01 AMS symbols A
)
LaTeX Font Info:    Try loading font information for U+msb on input line 53.

(/usr/share/texlive/texmf-dist/tex/latex/amsfonts/umsb.fd
File: umsb.fd 2013/01/14 v3.01 AMS symbols B
)
LaTeX Font Info:    Try loading font information for U+lasy on input line 53.

(/usr/share/texlive/texmf-dist/tex/latex/base/ulasy.fd
File: ulasy.fd 1998/08/17 v2.2e LaTeX symbol font definitions
)

LaTeX Font Warning: Font shape `OT1/cmss/n/n' undefined
(Font)              using `OT1/cmss/m/n' instead on input line 53.


Overfull \hbox (267.0pt too wide) in paragraph at lines 53--53
[][] 
 []


Underfull \hbox (badness 2443) in paragraph at lines 57--63
\OT1/cmss/b/n/10 an absolute quantification of nucleic acids. Different
 []


Underfull \hbox (badness 3323) in paragraph at lines 64--82
[]\OT1/cmss/b/it/10 To perform dPCR analysis we implemented peer-
 []


Underfull \hbox (badness 3009) in paragraph at lines 64--82
\OT1/cmss/b/it/10 review statistical methods and plots into the dpcR
 []


Underfull \hbox (badness 1043) in paragraph at lines 64--82
\OT1/cmss/b/it/10 for novel technical developments and as reference for
 []


Underfull \hbox (badness 1571) in paragraph at lines 64--82
\OT1/cmss/b/it/10 functions to estimate the underlying Poisson process,
 []


Underfull \hbox (badness 1616) in paragraph at lines 95--112
\OT1/ptm/m/n/10 The digital PCR (dPCR) is an important contender for
 []


Underfull \hbox (badness 2158) in paragraph at lines 95--112
\OT1/ptm/m/n/10 precise nucleic acids quantifications. Application of the
 []


Underfull \hbox (badness 1168) in paragraph at lines 119--131
[]\OT1/ptm/m/n/10 On the opposite to qPCR, dPCR consists of multiple
 []


Underfull \hbox (badness 2762) in paragraph at lines 119--131
\OT1/ptm/m/n/10 in positive partitions indicates the presence of one or
 []

LaTeX Font Info:    Font shape `OT1/ptm/bx/n' in size <10> not available
(Font)              Font shape `OT1/ptm/b/n' tried instead on input line 133.

Underfull \vbox (badness 10000) has occurred while \output is active []

LaTeX Font Info:    Font shape `OT1/ptm/bx/it' in size <10> not available
(Font)              Font shape `OT1/ptm/b/it' tried instead on input line 133.
LaTeX Font Info:    Calculating math sizes for size <7.5> on input line 133.


LaTeX Font Warning: Font shape `OT1/cmr/m/n' in size <7.5> not available
(Font)              size <7> substituted on input line 133.


LaTeX Font Warning: Font shape `OT1/cmr/m/n' in size <3.75> not available
(Font)              size <5> substituted on input line 133.


LaTeX Font Warning: Font shape `OML/cmm/m/it' in size <7.5> not available
(Font)              size <7> substituted on input line 133.


LaTeX Font Warning: Font shape `OML/cmm/m/it' in size <3.75> not available
(Font)              size <5> substituted on input line 133.


LaTeX Font Warning: Font shape `OMS/cmsy/m/n' in size <7.5> not available
(Font)              size <7> substituted on input line 133.


LaTeX Font Warning: Font shape `OMS/cmsy/m/n' in size <3.75> not available
(Font)              size <5> substituted on input line 133.


LaTeX Font Warning: Font shape `U/lasy/m/n' in size <7.5> not available
(Font)              size <7> substituted on input line 133.


LaTeX Font Warning: Font shape `U/lasy/m/n' in size <3.75> not available
(Font)              size <5> substituted on input line 133.

LaTeX Font Info:    Try loading font information for OMS+ptm on input line 133.

(/usr/share/texlive/texmf-dist/tex/latex/psnfss/omsptm.fd
File: omsptm.fd 
)
LaTeX Font Info:    Font shape `OMS/ptm/m/n' in size <7.5> not available
(Font)              Font shape `OMS/cmsy/m/n' tried instead on input line 133.


LaTeX Font Warning: Font shape `OMS/cmsy/m/n' in size <7.5> not available
(Font)              size <7> substituted on input line 133.

[1{/var/lib/texmf/fonts/map/pdftex/updmap/pdftex.map}


]
Underfull \hbox (badness 1152) in paragraph at lines 147--157
\OT1/ptm/m/n/10 in \OT1/ptm/b/n/10 Mathematica \OT1/ptm/m/n/10 (Wolfram Researc
h) ([]), \OT1/ptm/b/n/10 MS EXCEL
 []


Underfull \hbox (badness 2521) in paragraph at lines 147--157
\OT1/ptm/m/n/10 (Microsoft) ([]) or \OT1/ptm/b/n/10 R \OT1/ptm/m/n/10 ([], []).
 In addition, web-servers
 []


Underfull \hbox (badness 2990) in paragraph at lines 147--157
\OT1/ptm/m/n/10 for analysis of dPCR data are emerging as the open
 []


Underfull \hbox (badness 4819) in paragraph at lines 158--162
\OT1/ptm/m/n/10 dPCR data. The absence of graphical user interfaces
 []

LaTeX Font Info:    Try loading font information for OT1+pcr on input line 185.

(/usr/share/texlive/texmf-dist/tex/latex/psnfss/ot1pcr.fd
File: ot1pcr.fd 2001/06/04 font definitions for OT1/pcr.
)
Underfull \hbox (badness 2277) in paragraph at lines 184--187
\OT1/ptm/m/n/10 The \OT1/ptm/m/it/10 dpcR \OT1/ptm/m/n/10 package is an open so
urce extension to \OT1/ptm/b/n/10 R\OT1/ptm/m/n/10 .
 []


Underfull \hbox (badness 1173) in paragraph at lines 188--194
\OT1/ptm/m/n/10 data rather than summaries exported by vendor-provided
 []


Underfull \hbox (badness 1286) in paragraph at lines 195--201
\OT1/ptm/m/n/10 CQs of partitions), are stored in the standardized class.
 []


Underfull \hbox (badness 1199) in paragraph at lines 212--217
\OT1/ptm/m/n/10 reviewed methods of computing the $\OML/cmm/m/it/10 ^^U$ \OT1/p
tm/m/n/10 value and assess
 []


Underfull \hbox (badness 1609) in paragraph at lines 220--227
 \OT1/ptm/m/it/10 Data import[] \OT1/ptm/m/n/10 Since the RDML format for dPCR 
is not
 []


Underfull \hbox (badness 10000) in alignment at lines 248--248
[][][][] 
 []


Underfull \hbox (badness 10000) in alignment at lines 248--248
[][][][] 
 []


Underfull \hbox (badness 1997) in paragraph at lines 261--269
\OT1/ptm/m/n/10 distributing the specified number of template molecules
 []


Underfull \hbox (badness 3058) in paragraph at lines 261--269
\OT1/ptm/m/n/10 over defined number of identical partitions. The latter
 []


Underfull \hbox (badness 1540) in paragraph at lines 261--269
\OT1/ptm/m/n/10 is not exactly specified, but determined by the Poisson
 []

[2]
LaTeX Font Info:    Font shape `OT1/ptm/bx/n' in size <8> not available
(Font)              Font shape `OT1/ptm/b/n' tried instead on input line 303.

Underfull \hbox (badness 1127) in paragraph at lines 309--316
[]\OT1/ptm/m/n/10 Figure 1[] provides an overview of important functions
 []


Underfull \hbox (badness 2512) in paragraph at lines 319--323
\OT1/ptm/m/n/10 and output formats. The documentation is available as
 []

LaTeX Font Info:    Font shape `OMS/ptm/m/n' in size <10> not available
(Font)              Font shape `OMS/cmsy/m/n' tried instead on input line 327.

Underfull \hbox (badness 10000) in paragraph at lines 332--334
[]\OT1/ptm/m/n/10 The following convention was kept, both in the
 []


Underfull \hbox (badness 1721) in paragraph at lines 350--356
\OT1/ptm/m/n/10 for reproducible research. So far no cross-platform and
 []


Underfull \hbox (badness 1292) in paragraph at lines 368--374
\OT1/ptm/m/n/10 follow the Poisson distribution. We implemented several
 []


Underfull \hbox (badness 1596) in paragraph at lines 376--384
\OT1/ptm/m/n/10 than $\OML/cmm/m/it/10 m$\OT1/ptm/m/n/10 . They are beneficial 
for uncertainty calculation,
 []


Underfull \hbox (badness 10000) in paragraph at lines 387--394
\OT1/ptm/m/n/10 elsewhere in peer-reviewed publications. The method
 []


Underfull \hbox (badness 6348) in paragraph at lines 387--394
\OT1/ptm/m/n/10 template molecules over partitions. The procedure in
 []


Underfull \hbox (badness 5091) in paragraph at lines 387--394
\OT1/ptm/m/n/10 including such phenomena as ``rain''. We also added
 []


Underfull \hbox (badness 1052) in paragraph at lines 414--425
\OT1/ptm/m/n/10 High-Throughput qPCR is a well established and robust
 []


Underfull \hbox (badness 1546) in paragraph at lines 414--425
\OT1/ptm/m/n/10 technology, which allows precise quantification of DNA
 []


Underfull \hbox (badness 10000) in paragraph at lines 414--425
\OT1/ptm/m/n/10 material in high throughput fashion. However, the
 []


Underfull \hbox (badness 1675) in paragraph at lines 414--425
\OT1/ptm/m/n/10 quantification by qPCR is challenging at very low and
 []

<qpcr2pp_1.png, id=28, 486.618pt x 481.8pt>
File: qpcr2pp_1.png Graphic file (type png)
 <use qpcr2pp_1.png>
Package pdftex.def Info: qpcr2pp_1.png used on input line 430.
(pdftex.def)             Requested size: 256.0748pt x 253.54427pt.

Overfull \hbox (9.0748pt too wide) in paragraph at lines 430--431
 [] 
 []

[3]
Underfull \hbox (badness 1210) in paragraph at lines 461--473
[]\OT1/ptm/m/n/10 The first panel ``Input file'' is responsible for loading
 []


Underfull \hbox (badness 2088) in paragraph at lines 461--473
\OT1/ptm/m/n/10 analysis'' consists of more specialized functionalities as
 []


Underfull \hbox (badness 1527) in paragraph at lines 474--490
[]\OT1/ptm/m/n/10 An interesting feature of the \OT1/ptm/m/it/10 shiny \OT1/ptm
/m/n/10 technology is the
 []

<GUI_RKWard_1.png, id=33, 963.6pt x 730.22812pt>
File: GUI_RKWard_1.png Graphic file (type png)
 <use GUI_RKWard_1.png>
Package pdftex.def Info: GUI_RKWard_1.png used on input line 494.
(pdftex.def)             Requested size: 483.69684pt x 366.55052pt.

Underfull \hbox (badness 2556) in paragraph at lines 519--523
\OT1/ptm/m/n/10 package (GPL-3 or later) as part of the Bioconductor
 []


Underfull \hbox (badness 6396) in paragraph at lines 519--523
\OT1/ptm/m/n/10 project.org/web/packages/dpcR and the source code is
 []


Underfull \hbox (badness 3158) in paragraph at lines 526--540
\OT1/ptm/m/n/10 Currently, there exist different dPCR analysis software
 []

[4 <./qpcr2pp_1.png>]
Underfull \hbox (badness 2027) in paragraph at lines 541--543
[]\OT1/ptm/m/n/10 Functions included may be used to simulate dPCRs,
 []


Underfull \hbox (badness 1867) in paragraph at lines 546--563
\OT1/ptm/m/n/10 dMIQE compliant, open source software framework for
 []


Underfull \hbox (badness 3492) in paragraph at lines 546--563
\OT1/ptm/m/n/10 methods for dPCR and suggest the introduction of a
 []


Underfull \hbox (badness 1354) in paragraph at lines 546--563
\OT1/ptm/m/n/10 statistical methods with a standardized nomenclature for
 []


Underfull \vbox (badness 10000) has occurred while \output is active []

 [5 <./GUI_RKWard_1.png>] (./Burdukiewicz_et_al_NAR2.bbl
Underfull \hbox (badness 1603) in paragraph at lines 34--38
\OT1/ptm/m/n/8 R[]odiger.  dpcR: an R package for the analysis of digital PCR.
 []

Missing character: There is no √ in font ptmr7t!
Missing character: There is no ∏ in font ptmr7t!
Missing character: There is no ≈ in font ptmr7t!
Missing character: There is no æ in font ptmr7t!
Missing character: There is no ≈ in font ptmr7t!
Missing character: There is no ° in font ptmr7t!
Missing character: There is no ≈ in font ptmr7t!
Missing character: There is no Ω in font ptmr7t!

Underfull \hbox (badness 1178) in paragraph at lines 40--46
\OT1/ptm/m/n/8 Authorized Genetically Modified Maize Lines with Droplet Digital

 []

Missing character: There is no ≈ in font ptmr7t!
Missing character: There is no Ω in font ptmr7t!
Missing character: There is no ≈ in font ptmr7t!
Missing character: There is no ° in font ptmr7t!
Missing character: There is no ≈ in font ptmr7t!
Missing character: There is no ° in font ptmr7t!
Missing character: There is no ƒ in font ptmr7t!
Missing character: There is no ç in font ptmr7t!
Missing character: There is no ≈ in font ptmr7t!
Missing character: There is no Ω in font ptmr7t!

Underfull \hbox (badness 3989) in paragraph at lines 69--78
[]\OT1/ptm/m/n/8 Robert C Gentleman, Vincent J Carey, Douglas M Bates, Ben
 []


Underfull \hbox (badness 1590) in paragraph at lines 69--78
\OT1/ptm/m/n/8 Huber, Stefano Iacus, Rafael Irizarry, Friedrich Leisch, Cheng L
i,
 []


Underfull \hbox (badness 4441) in paragraph at lines 80--87
[]\OT1/ptm/m/n/8 Jim F Huggett, Carole A Foy, Vladimir Benes, Kerry Emslie,
 []


Underfull \hbox (badness 2012) in paragraph at lines 80--87
\OT1/ptm/m/n/8 Jeremy A Garson, Ross Haynes, Jan Hellemans, Mikael Kubista,
 []

Missing character: There is no ‚ in font ptmr7t!
Missing character: There is no Ä in font ptmr7t!
Missing character: There is no ô in font ptmr7t!
Missing character: There is no ‚ in font ptmr7t!
Missing character: There is no Ä in font ptmr7t!
Missing character: There is no ì in font ptmr7t!
Missing character: There is no ‚ in font ptmr7t!
Missing character: There is no Ä in font ptmr7t!
Missing character: There is no ò in font ptmr7t!
Missing character: There is no ‚ in font ptmr7t!
Missing character: There is no Ä in font ptmr7t!
Missing character: There is no ô in font ptmr7t!
Missing character: There is no ‚ in font ptmr7t!
Missing character: There is no Ä in font ptmr7t!
Missing character: There is no î in font ptmr7t!

Underfull \hbox (badness 1163) in paragraph at lines 127--132
\OT1/ptm/m/n/8 digital PCR with single cell resolution.  \OT1/ptm/m/it/8 Nuclei
c Acids Research\OT1/ptm/m/n/8 ,
 []


Underfull \hbox (badness 2293) in paragraph at lines 134--139
\OT1/ptm/m/n/8 Finak, Raphael Gottardo, and Ryan R. Brinkman.  flowdensity:
 []


Underfull \hbox (badness 1215) in paragraph at lines 141--147
\OT1/ptm/m/n/8 Darren R. Link, and Brian Hutchison.  Determining lower limits
 []

Missing character: There is no ¬ in font ptmr7t!
Missing character: There is no † in font ptmr7t!
Missing character: There is no √ in font ptmr7t!
Missing character: There is no © in font ptmr7t!
Missing character: There is no √ in font ptmr7t!
Missing character: There is no ´ in font ptmr7t!

Underfull \hbox (badness 1205) in paragraph at lines 155--159
\OT1/ptm/m/n/8 elicitation of template concentration from quantification cycle 
(Cq)
 []


Underfull \hbox (badness 2173) in paragraph at lines 173--178
\OT1/ptm/m/n/8 Bennett, Christine Orengo, and Matthias Kohl.  ReadqPCR and
 []


Underfull \hbox (badness 5077) in paragraph at lines 173--178
\OT1/ptm/m/n/8 NormqPCR: R packages for the reading, quality checking and
 []


Underfull \hbox (badness 1590) in paragraph at lines 173--178
\OT1/ptm/m/n/8 normalisation of RT-qPCR quantification cycle (Cq) data.  \OT1/p
tm/m/it/8 BMC
 []


Underfull \hbox (badness 4001) in paragraph at lines 203--207
\OT1/ptm/m/n/8 an R package to pre-process raw data of amplification curves.
 []


Underfull \hbox (badness 2941) in paragraph at lines 215--220
\OT1/ptm/m/n/8 molecules.  \OT1/ptm/m/it/8 Proceedings of the National Academy 
of Sciences\OT1/ptm/m/n/8 ,
 []


Underfull \hbox (badness 1584) in paragraph at lines 222--228
[]\OT1/ptm/m/n/8 Jan M Ruijter, Michael W Pfaffl, Sheng Zhao, Andrej N Spiess,
 []


Underfull \vbox (badness 10000) has occurred while \output is active []

 [6]
Underfull \hbox (badness 2057) in paragraph at lines 251--258
\OT1/ptm/m/n/8 determination for single channel droplet digital PCR experiments
.
 []


Underfull \hbox (badness 1253) in paragraph at lines 266--271
\OT1/ptm/m/n/8 of microfluidic digital PCR and conventional quantitative PCR fo
r
 []

) [7

] (./Burdukiewicz_et_al_NAR2.aux)

LaTeX Font Warning: Size substitutions with differences
(Font)              up to 1.25pt have occurred.


LaTeX Font Warning: Some font shapes were not available, defaults substituted.

 ) 
Here is how much of TeX's memory you used:
 4151 strings out of 495028
 53604 string characters out of 6181498
 132236 words of memory out of 5000000
 7209 multiletter control sequences out of 15000+600000
 32508 words of font info for 83 fonts, out of 8000000 for 9000
 23 hyphenation exceptions out of 8191
 38i,19n,34p,628b,350s stack positions out of 5000i,500n,10000p,200000b,80000s
{/usr/share/texlive/texmf-dist/fonts/enc/dvips/base/8r.enc}</usr/share/texliv
e/texmf-dist/fonts/type1/public/amsfonts/cm/cmex10.pfb></usr/share/texlive/texm
f-dist/fonts/type1/public/amsfonts/cm/cmmi10.pfb></usr/share/texlive/texmf-dist
/fonts/type1/public/amsfonts/cm/cmmi8.pfb></usr/share/texlive/texmf-dist/fonts/
type1/public/amsfonts/cm/cmr10.pfb></usr/share/texlive/texmf-dist/fonts/type1/p
ublic/amsfonts/cm/cmr8.pfb></usr/share/texlive/texmf-dist/fonts/type1/public/am
sfonts/cm/cmss10.pfb></usr/share/texlive/texmf-dist/fonts/type1/public/amsfonts
/cm/cmss12.pfb></usr/share/texlive/texmf-dist/fonts/type1/public/amsfonts/cm/cm
ss17.pfb></usr/share/texlive/texmf-dist/fonts/type1/public/amsfonts/cm/cmss8.pf
b></usr/share/texlive/texmf-dist/fonts/type1/public/amsfonts/cm/cmssbx10.pfb></
usr/share/texlive/texmf-dist/fonts/type1/public/amsfonts/cm/cmsy10.pfb></usr/sh
are/texlive/texmf-dist/fonts/type1/public/amsfonts/cm/cmsy6.pfb></usr/share/tex
live/texmf-dist/fonts/type1/public/amsfonts/cm/cmsy7.pfb></usr/share/texlive/te
xmf-dist/fonts/type1/public/amsfonts/cm/cmsy8.pfb></usr/share/texlive/texmf-dis
t/fonts/type1/urw/courier/ucrr8a.pfb></usr/share/texlive/texmf-dist/fonts/type1
/urw/times/utmb8a.pfb></usr/share/texlive/texmf-dist/fonts/type1/urw/times/utmb
i8a.pfb></usr/share/texlive/texmf-dist/fonts/type1/urw/times/utmr8a.pfb></usr/s
hare/texlive/texmf-dist/fonts/type1/urw/times/utmri8a.pfb>
Output written on Burdukiewicz_et_al_NAR2.pdf (7 pages, 764621 bytes).
PDF statistics:
 109 PDF objects out of 1000 (max. 8388607)
 77 compressed objects within 1 object stream
 0 named destinations out of 1000 (max. 500000)
 11 words of extra memory for PDF output out of 10000 (max. 10000000)

